<?xml version="1.0" encoding="UTF-8"?>
<!-- Generated by org.testng.reporters.JUnitReportReporter -->
<testsuite hostname="DESKTOP-KODO6Q6" failures="0" tests="8" name="alMosafer.TestCases" time="3.631" errors="0" timestamp="2024-02-06T17:44:48 EET" skipped="0">
  <testcase classname="alMosafer.TestCases" name="CheckDefulteLanguage" time="0.215"/>
  <system-out/>
  <testcase classname="alMosafer.TestCases" name="CheckDefulteCurrencyIsSAR" time="0.051"/>
  <system-out/>
  <testcase classname="alMosafer.TestCases" name="CheckContactNumber" time="0.034"/>
  <system-out/>
  <testcase classname="alMosafer.TestCases" name="CheckQitafLogoIsDisplayed" time="0.060"/>
  <system-out/>
  <testcase classname="alMosafer.TestCases" name="CheckHotelsNotSelectedByDefault" time="0.052"/>
  <system-out/>
  <testcase classname="alMosafer.TestCases" name="ChickingDepatureDateAndReturnDate" time="0.125"/>
  <system-out/>
  <testcase classname="alMosafer.TestCases" name="CheckRandomMethodToChangeLanguage" time="2.417"/>
  <system-out/>
  <testcase classname="alMosafer.TestCases" name="clickOnHotelTab" time="0.677"/>
  <system-out/>
</testsuite> <!-- alMosafer.TestCases -->
