<?xml version="1.0" encoding="UTF-8"?>
<!-- Generated by org.testng.reporters.JUnitReportReporter -->
<testsuite hostname="DESKTOP-KODO6Q6" failures="0" tests="6" name="alMosafer.TestCases" time="1.975" errors="0" timestamp="2024-02-05T14:49:24 EET" skipped="0">
  <testcase classname="alMosafer.TestCases" name="CheckDefulteLanguage" time="0.162"/>
  <system-out/>
  <testcase classname="alMosafer.TestCases" name="CheckDefulteCurrencyIsSAR" time="0.116"/>
  <system-out/>
  <testcase classname="alMosafer.TestCases" name="CheckContactNumber" time="0.078"/>
  <system-out/>
  <testcase classname="alMosafer.TestCases" name="CheckQitafLogoIsDisplayed" time="0.129"/>
  <system-out/>
  <testcase classname="alMosafer.TestCases" name="CheckHotelsNotSelectedByDefault" time="0.155"/>
  <system-out/>
  <testcase classname="alMosafer.TestCases" name="CheckRandomMethodToChangeLanguage" time="1.335"/>
  <system-out/>
</testsuite> <!-- alMosafer.TestCases -->
